<?xml version="1.0" encoding="UTF-8"?>
<testsuite name="testLinkedList" tests="1" skipped="0" failures="0" errors="0" timestamp="2020-10-18T04:43:48" hostname="DESKTOP-7FT5EBS" time="0.041">
  <properties/>
  <testcase name="testDeleteValue" classname="testLinkedList" time="0.041"/>
  <system-out><![CDATA[30 -> 40 -> 50 -> 70 -> 
30 -> 50 -> 70 -> 
List size is 3
]]></system-out>
  <system-err><![CDATA[]]></system-err>
</testsuite>
